{"name": "test_button2_clicked", "status": "failed", "statusDetails": {"message": "AssertionError: assert 'Submitte' == 'Submitted'\n  - Submitted\n  ?         -\n  + Submitte", "trace": "browser = <selenium.webdriver.chrome.webdriver.WebDriver (session=\"026bbb139ed51c97be8aa241d68ddbf8\")>\n\n    @allure.feature('Like a button')\n    @allure.story('clickability')\n    def test_button2_clicked(browser):\n        like_a_button = LikeAButton(browser)\n        like_a_button.open()\n        like_a_button.button_click()\n        with allure.step('Check result'):\n>           assert 'Submitte' == like_a_button.result_text\nE           AssertionError: assert 'Submitte' == 'Submitted'\nE             - Submitted\nE             ?         -\nE             + Submitte\n\ntests\\test_like_a_button_page.py:20: AssertionError"}, "steps": [{"name": "Open Like a button page", "status": "passed", "start": 1745629415171, "stop": 1745629416632}, {"name": "Click the button", "status": "passed", "start": 1745629416632, "stop": 1745629417436}, {"name": "Check result", "status": "failed", "statusDetails": {"message": "AssertionError: assert 'Submitte' == 'Submitted'\n  - Submitted\n  ?         -\n  + Submitte\n", "trace": "  File \"C:\\Users\\qaukr\\projects\\python\\pom\\tests\\test_like_a_button_page.py\", line 20, in test_button2_clicked\n    assert 'Submitte' == like_a_button.result_text\n"}, "steps": [{"name": "Get result text", "status": "passed", "start": 1745629417436, "stop": 1745629417506}], "start": 1745629417436, "stop": 1745629417510}], "start": 1745629415170, "stop": 1745629417514, "uuid": "760ad14e-d48c-4a37-8a62-fba2e52ba406", "historyId": "7f9031cd46ceb00f756c7d89701ac883", "testCaseId": "7f9031cd46ceb00f756c7d89701ac883", "fullName": "tests.test_like_a_button_page#test_button2_clicked", "labels": [{"name": "feature", "value": "Like a button"}, {"name": "story", "value": "clickability"}, {"name": "parentSuite", "value": "tests"}, {"name": "suite", "value": "test_like_a_button_page"}, {"name": "host", "value": "Acer5"}, {"name": "thread", "value": "40896-MainThread"}, {"name": "framework", "value": "pytest"}, {"name": "language", "value": "cpython3"}, {"name": "package", "value": "tests.test_like_a_button_page"}]}